<?xml version="1.0" encoding="UTF-8"?>
<!-- Generated by org.testng.reporters.JUnitXMLReporter -->
<testsuite ignored="3" hostname="GURUKIRAN" failures="0" tests="1" name="Test" time="19.217" errors="0" timestamp="2025-04-02T18:20:20 IST">
  <testcase classname="com.Ecommerce.Mycs.UserModules.AdminModuleTest" name="adminCategoryTest" time="8.85"/>
  <testcase classname="com.Ecommerce.Mycs.UserModules.AdminModuleTest" name="insertProductTest" time="0.0">
    <ignored/>
  </testcase> <!-- insertProductTest -->
  <testcase classname="com.Ecommerce.Mycs.UserModules.AdminModuleTest" name="adminDeleteProduct" time="0.0">
    <ignored/>
  </testcase> <!-- adminDeleteProduct -->
  <testcase classname="com.Ecommerce.Mycs.UserModules.AdminModuleTest" name="modifyProductAndaddToCartTest" time="0.0">
    <ignored/>
  </testcase> <!-- modifyProductAndaddToCartTest -->
</testsuite> <!-- Test -->
