<?xml version="1.0" encoding="UTF-8"?>
<testng-results ignored="3" total="4" passed="1" failed="0" skipped="0">
  <reporter-output>
  </reporter-output>
  <suite started-at="2025-04-02T18:20:01 IST" name="Suite" finished-at="2025-04-02T18:20:20 IST" duration-ms="19217">
    <groups>
      <group name="dataflow">
        <method signature="AdminModuleTest.adminCategoryTest()[pri:2, instance:com.Ecommerce.Mycs.UserModules.AdminModuleTest@117e949d]" name="adminCategoryTest" class="com.Ecommerce.Mycs.UserModules.AdminModuleTest"/>
      </group> <!-- dataflow -->
    </groups>
    <test started-at="2025-04-02T18:20:01 IST" name="Test" finished-at="2025-04-02T18:20:20 IST" duration-ms="19217">
      <class name="com.Ecommerce.Mycs.UserModules.AdminModuleTest">
        <test-method is-config="true" signature="conigBS()[pri:0, instance:com.Ecommerce.Mycs.UserModules.AdminModuleTest@117e949d]" started-at="2025-04-02T18:20:00 IST" name="conigBS" finished-at="2025-04-02T18:20:01 IST" duration-ms="604" status="PASS">
          <reporter-output>
          </reporter-output>
        </test-method> <!-- conigBS -->
        <test-method is-config="true" signature="configBC()[pri:0, instance:com.Ecommerce.Mycs.UserModules.AdminModuleTest@117e949d]" started-at="2025-04-02T18:20:01 IST" name="configBC" finished-at="2025-04-02T18:20:08 IST" duration-ms="6813" status="PASS">
          <reporter-output>
          </reporter-output>
        </test-method> <!-- configBC -->
        <test-method is-config="true" signature="configBM()[pri:0, instance:com.Ecommerce.Mycs.UserModules.AdminModuleTest@117e949d]" started-at="2025-04-02T18:20:08 IST" name="configBM" finished-at="2025-04-02T18:20:08 IST" duration-ms="625" status="PASS">
          <reporter-output>
          </reporter-output>
        </test-method> <!-- configBM -->
        <test-method signature="adminCategoryTest()[pri:2, instance:com.Ecommerce.Mycs.UserModules.AdminModuleTest@117e949d]" started-at="2025-04-02T18:20:08 IST" name="adminCategoryTest" finished-at="2025-04-02T18:20:17 IST" duration-ms="8850" status="PASS">
          <reporter-output>
          </reporter-output>
        </test-method> <!-- adminCategoryTest -->
        <test-method is-config="true" signature="configAM()[pri:0, instance:com.Ecommerce.Mycs.UserModules.AdminModuleTest@117e949d]" started-at="2025-04-02T18:20:17 IST" name="configAM" finished-at="2025-04-02T18:20:19 IST" duration-ms="1364" status="PASS">
          <reporter-output>
          </reporter-output>
        </test-method> <!-- configAM -->
        <test-method is-config="true" signature="configAC()[pri:0, instance:com.Ecommerce.Mycs.UserModules.AdminModuleTest@117e949d]" started-at="2025-04-02T18:20:19 IST" name="configAC" finished-at="2025-04-02T18:20:20 IST" duration-ms="1485" status="PASS">
          <reporter-output>
          </reporter-output>
        </test-method> <!-- configAC -->
        <test-method is-config="true" signature="configAS()[pri:0, instance:com.Ecommerce.Mycs.UserModules.AdminModuleTest@117e949d]" started-at="2025-04-02T18:20:20 IST" name="configAS" finished-at="2025-04-02T18:20:20 IST" duration-ms="13" status="PASS">
          <reporter-output>
          </reporter-output>
        </test-method> <!-- configAS -->
      </class> <!-- com.Ecommerce.Mycs.UserModules.AdminModuleTest -->
    </test> <!-- Test -->
  </suite> <!-- Suite -->
</testng-results>
