<?xml version="1.0" encoding="UTF-8"?>
<!-- Generated by org.testng.reporters.JUnitXMLReporter -->
<testsuite ignored="0" hostname="GURUKIRAN" failures="0" tests="8" name="Surefire test" time="67.013" errors="0" timestamp="2025-04-03T16:26:15 IST">
  <testcase classname="Ecommerce.mycs.generic.baseclass.admin.BaseClass" name="@BeforeMethod configBM" time="20.086">
    <failure type="org.openqa.selenium.NoSuchElementException" message="no such element: Unable to locate element: {&amp;quot;method&amp;quot;:&amp;quot;css selector&amp;quot;,&amp;quot;selector&amp;quot;:&amp;quot;*[name=&amp;apos;username&amp;apos;]&amp;quot;}
  (Session info: MicrosoftEdge=134.0.3124.93)
For documentation on this error, please visit: https://www.selenium.dev/documentation/webdriver/troubleshooting/errors#no-such-element-exception
Build info: version: &amp;apos;4.29.0&amp;apos;, revision: &amp;apos;5fc1ec94cb&amp;apos;
System info: os.name: &amp;apos;Windows 11&amp;apos;, os.arch: &amp;apos;amd64&amp;apos;, os.version: &amp;apos;10.0&amp;apos;, java.version: &amp;apos;21.0.6&amp;apos;
Driver info: org.openqa.selenium.edge.EdgeDriver
Command: [e74ecda9c777467aeff9ef253a870882, findElement {value=username, using=name}]
Capabilities {acceptInsecureCerts: false, browserName: MicrosoftEdge, browserVersion: 134.0.3124.93, fedcm:accounts: true, ms:edgeOptions: {debuggerAddress: localhost:52067}, msedge: {msedgedriverVersion: 134.0.3124.93 (a9facff5fd6c..., userDataDir: C:\Users\Gurup\AppData\Loca...}, networkConnectionEnabled: false, pageLoadStrategy: normal, platformName: windows, proxy: Proxy(), se:cdp: ws://localhost:52067/devtoo..., se:cdpVersion: 134.0.3124.93, setWindowRect: true, strictFileInteractability: false, timeouts: {implicit: 0, pageLoad: 300000, script: 30000}, unhandledPromptBehavior: dismiss and notify, webauthn:extension:credBlob: true, webauthn:extension:largeBlob: true, webauthn:extension:minPinLength: true, webauthn:extension:prf: true, webauthn:virtualAuthenticators: true}
Session ID: e74ecda9c777467aeff9ef253a870882">
      <![CDATA[org.openqa.selenium.NoSuchElementException: no such element: Unable to locate element: {"method":"css selector","selector":"*[name='username']"}
  (Session info: MicrosoftEdge=134.0.3124.93)
For documentation on this error, please visit: https://www.selenium.dev/documentation/webdriver/troubleshooting/errors#no-such-element-exception
Build info: version: '4.29.0', revision: '5fc1ec94cb'
System info: os.name: 'Windows 11', os.arch: 'amd64', os.version: '10.0', java.version: '21.0.6'
Driver info: org.openqa.selenium.edge.EdgeDriver
Command: [e74ecda9c777467aeff9ef253a870882, findElement {value=username, using=name}]
Capabilities {acceptInsecureCerts: false, browserName: MicrosoftEdge, browserVersion: 134.0.3124.93, fedcm:accounts: true, ms:edgeOptions: {debuggerAddress: localhost:52067}, msedge: {msedgedriverVersion: 134.0.3124.93 (a9facff5fd6c..., userDataDir: C:\Users\Gurup\AppData\Loca...}, networkConnectionEnabled: false, pageLoadStrategy: normal, platformName: windows, proxy: Proxy(), se:cdp: ws://localhost:52067/devtoo..., se:cdpVersion: 134.0.3124.93, setWindowRect: true, strictFileInteractability: false, timeouts: {implicit: 0, pageLoad: 300000, script: 30000}, unhandledPromptBehavior: dismiss and notify, webauthn:extension:credBlob: true, webauthn:extension:largeBlob: true, webauthn:extension:minPinLength: true, webauthn:extension:prf: true, webauthn:virtualAuthenticators: true}
Session ID: e74ecda9c777467aeff9ef253a870882
at org.openqa.selenium.remote.ErrorCodec.decode(ErrorCodec.java:167)
at org.openqa.selenium.remote.codec.w3c.W3CHttpResponseCodec.decode(W3CHttpResponseCodec.java:138)
at org.openqa.selenium.remote.codec.w3c.W3CHttpResponseCodec.decode(W3CHttpResponseCodec.java:50)
at org.openqa.selenium.remote.HttpCommandExecutor.execute(HttpCommandExecutor.java:215)
at org.openqa.selenium.remote.service.DriverCommandExecutor.invokeExecute(DriverCommandExecutor.java:216)
at org.openqa.selenium.remote.service.DriverCommandExecutor.execute(DriverCommandExecutor.java:174)
at org.openqa.selenium.remote.RemoteWebDriver.execute(RemoteWebDriver.java:545)
at org.openqa.selenium.remote.ElementLocation$ElementFinder$2.findElement(ElementLocation.java:165)
at org.openqa.selenium.remote.ElementLocation.findElement(ElementLocation.java:59)
at org.openqa.selenium.remote.RemoteWebDriver.findElement(RemoteWebDriver.java:368)
at org.openqa.selenium.remote.RemoteWebDriver.findElement(RemoteWebDriver.java:362)
at org.openqa.selenium.support.pagefactory.DefaultElementLocator.findElement(DefaultElementLocator.java:68)
at org.openqa.selenium.support.pagefactory.internal.LocatingElementHandler.invoke(LocatingElementHandler.java:38)
at jdk.proxy2/jdk.proxy2.$Proxy17.sendKeys(Unknown Source)
at Ecommerce.mycs.ObjectRepositery.AdminLoginPage.adminLogin(AdminLoginPage.java:66)
at Ecommerce.mycs.generic.baseclass.admin.BaseClass.configBM(BaseClass.java:70)
at java.base/java.util.ArrayList.forEach(ArrayList.java:1596)
... Removed 37 stack frames]]>
    </failure>
  </testcase> <!-- @BeforeMethod configBM -->
  <testcase classname="Ecommerce.mycs.generic.baseclass.admin.BaseClass" name="@AfterMethod configAM" time="0.0">
    <skipped/>
  </testcase> <!-- @AfterMethod configAM -->
  <testcase classname="Ecommerce.mycs.generic.baseclass.admin.BaseClass" name="@BeforeMethod configBM" time="0.0">
    <skipped/>
  </testcase> <!-- @BeforeMethod configBM -->
  <testcase classname="Ecommerce.mycs.generic.baseclass.admin.BaseClass" name="@AfterMethod configAM" time="0.0">
    <skipped/>
  </testcase> <!-- @AfterMethod configAM -->
  <testcase classname="Ecommerce.mycs.generic.baseclass.admin.BaseClass" name="@BeforeMethod configBM" time="0.0">
    <skipped/>
  </testcase> <!-- @BeforeMethod configBM -->
  <testcase classname="Ecommerce.mycs.generic.baseclass.admin.BaseClass" name="@AfterMethod configAM" time="0.0">
    <skipped/>
  </testcase> <!-- @AfterMethod configAM -->
  <testcase classname="Ecommerce.mycs.generic.baseclass.admin.BaseClass" name="@AfterClass configAC" time="0.0">
    <skipped/>
  </testcase> <!-- @AfterClass configAC -->
  <testcase classname="Ecommerce.mycs.generic.baseclass.BaseClass" name="@BeforeMethod configBM" time="20.034">
    <failure type="org.openqa.selenium.NoSuchElementException" message="no such element: Unable to locate element: {&amp;quot;method&amp;quot;:&amp;quot;css selector&amp;quot;,&amp;quot;selector&amp;quot;:&amp;quot;*[name=&amp;apos;email&amp;apos;]&amp;quot;}
  (Session info: MicrosoftEdge=134.0.3124.93)
For documentation on this error, please visit: https://www.selenium.dev/documentation/webdriver/troubleshooting/errors#no-such-element-exception
Build info: version: &amp;apos;4.29.0&amp;apos;, revision: &amp;apos;5fc1ec94cb&amp;apos;
System info: os.name: &amp;apos;Windows 11&amp;apos;, os.arch: &amp;apos;amd64&amp;apos;, os.version: &amp;apos;10.0&amp;apos;, java.version: &amp;apos;21.0.6&amp;apos;
Driver info: org.openqa.selenium.edge.EdgeDriver
Command: [342db6f976a03a65db154e13093a7f32, findElement {value=email, using=name}]
Capabilities {acceptInsecureCerts: false, browserName: MicrosoftEdge, browserVersion: 134.0.3124.93, fedcm:accounts: true, ms:edgeOptions: {debuggerAddress: localhost:52108}, msedge: {msedgedriverVersion: 134.0.3124.93 (a9facff5fd6c..., userDataDir: C:\Users\Gurup\AppData\Loca...}, networkConnectionEnabled: false, pageLoadStrategy: normal, platformName: windows, proxy: Proxy(), se:cdp: ws://localhost:52108/devtoo..., se:cdpVersion: 134.0.3124.93, setWindowRect: true, strictFileInteractability: false, timeouts: {implicit: 0, pageLoad: 300000, script: 30000}, unhandledPromptBehavior: dismiss and notify, webauthn:extension:credBlob: true, webauthn:extension:largeBlob: true, webauthn:extension:minPinLength: true, webauthn:extension:prf: true, webauthn:virtualAuthenticators: true}
Session ID: 342db6f976a03a65db154e13093a7f32">
      <![CDATA[org.openqa.selenium.NoSuchElementException: no such element: Unable to locate element: {"method":"css selector","selector":"*[name='email']"}
  (Session info: MicrosoftEdge=134.0.3124.93)
For documentation on this error, please visit: https://www.selenium.dev/documentation/webdriver/troubleshooting/errors#no-such-element-exception
Build info: version: '4.29.0', revision: '5fc1ec94cb'
System info: os.name: 'Windows 11', os.arch: 'amd64', os.version: '10.0', java.version: '21.0.6'
Driver info: org.openqa.selenium.edge.EdgeDriver
Command: [342db6f976a03a65db154e13093a7f32, findElement {value=email, using=name}]
Capabilities {acceptInsecureCerts: false, browserName: MicrosoftEdge, browserVersion: 134.0.3124.93, fedcm:accounts: true, ms:edgeOptions: {debuggerAddress: localhost:52108}, msedge: {msedgedriverVersion: 134.0.3124.93 (a9facff5fd6c..., userDataDir: C:\Users\Gurup\AppData\Loca...}, networkConnectionEnabled: false, pageLoadStrategy: normal, platformName: windows, proxy: Proxy(), se:cdp: ws://localhost:52108/devtoo..., se:cdpVersion: 134.0.3124.93, setWindowRect: true, strictFileInteractability: false, timeouts: {implicit: 0, pageLoad: 300000, script: 30000}, unhandledPromptBehavior: dismiss and notify, webauthn:extension:credBlob: true, webauthn:extension:largeBlob: true, webauthn:extension:minPinLength: true, webauthn:extension:prf: true, webauthn:virtualAuthenticators: true}
Session ID: 342db6f976a03a65db154e13093a7f32
at org.openqa.selenium.remote.ErrorCodec.decode(ErrorCodec.java:167)
at org.openqa.selenium.remote.codec.w3c.W3CHttpResponseCodec.decode(W3CHttpResponseCodec.java:138)
at org.openqa.selenium.remote.codec.w3c.W3CHttpResponseCodec.decode(W3CHttpResponseCodec.java:50)
at org.openqa.selenium.remote.HttpCommandExecutor.execute(HttpCommandExecutor.java:215)
at org.openqa.selenium.remote.service.DriverCommandExecutor.invokeExecute(DriverCommandExecutor.java:216)
at org.openqa.selenium.remote.service.DriverCommandExecutor.execute(DriverCommandExecutor.java:174)
at org.openqa.selenium.remote.RemoteWebDriver.execute(RemoteWebDriver.java:545)
at org.openqa.selenium.remote.ElementLocation$ElementFinder$2.findElement(ElementLocation.java:165)
at org.openqa.selenium.remote.ElementLocation.findElement(ElementLocation.java:59)
at org.openqa.selenium.remote.RemoteWebDriver.findElement(RemoteWebDriver.java:368)
at org.openqa.selenium.remote.RemoteWebDriver.findElement(RemoteWebDriver.java:362)
at org.openqa.selenium.support.pagefactory.DefaultElementLocator.findElement(DefaultElementLocator.java:68)
at org.openqa.selenium.support.pagefactory.internal.LocatingElementHandler.invoke(LocatingElementHandler.java:38)
at jdk.proxy2/jdk.proxy2.$Proxy17.sendKeys(Unknown Source)
at Ecommerce.mycs.ObjectRepositery.LoginPage.loginTOApplication(LoginPage.java:54)
at Ecommerce.mycs.generic.baseclass.BaseClass.configBM(BaseClass.java:69)
at java.base/java.util.ArrayList.forEach(ArrayList.java:1596)
... Removed 37 stack frames]]>
    </failure>
  </testcase> <!-- @BeforeMethod configBM -->
  <testcase classname="Ecommerce.mycs.generic.baseclass.BaseClass" name="@AfterMethod configAM" time="0.0">
    <skipped/>
  </testcase> <!-- @AfterMethod configAM -->
  <testcase classname="Ecommerce.mycs.generic.baseclass.BaseClass" name="@BeforeMethod configBM" time="0.0">
    <skipped/>
  </testcase> <!-- @BeforeMethod configBM -->
  <testcase classname="Ecommerce.mycs.generic.baseclass.BaseClass" name="@AfterMethod configAM" time="0.0">
    <skipped/>
  </testcase> <!-- @AfterMethod configAM -->
  <testcase classname="Ecommerce.mycs.generic.baseclass.BaseClass" name="@BeforeMethod configBM" time="0.0">
    <skipped/>
  </testcase> <!-- @BeforeMethod configBM -->
  <testcase classname="Ecommerce.mycs.generic.baseclass.BaseClass" name="@AfterMethod configAM" time="0.0">
    <skipped/>
  </testcase> <!-- @AfterMethod configAM -->
  <testcase classname="Ecommerce.mycs.generic.baseclass.BaseClass" name="@AfterClass configAC" time="0.0">
    <skipped/>
  </testcase> <!-- @AfterClass configAC -->
  <testcase classname="com.Ecommerce.Mycs.UserModules.AdminModuleTest" name="adminDeleteProduct" time="2.26"/>
  <testcase classname="com.Ecommerce.Mycs.UserModules.AdminModuleTest" name="adminCategoryTest" time="0.0">
    <skipped/>
  </testcase> <!-- adminCategoryTest -->
  <testcase classname="com.Ecommerce.Mycs.UserModules.AdminModuleTest" name="insertProductTest" time="0.0">
    <skipped/>
  </testcase> <!-- insertProductTest -->
  <testcase classname="com.Ecommerce.Mycs.UserModules.AdminModuleTest" name="modifyProductAndaddToCartTest" time="0.0">
    <skipped/>
  </testcase> <!-- modifyProductAndaddToCartTest -->
  <testcase classname="com.Ecommerce.Mycs.UserModules.OrderTest" name="removeProductTest" time="12.569"/>
  <testcase classname="com.Ecommerce.Mycs.UserModules.OrderTest" name="productInWishListTest" time="0.0">
    <skipped/>
  </testcase> <!-- productInWishListTest -->
  <testcase classname="com.Ecommerce.Mycs.UserModules.OrderTest" name="orderPlacedInTodaysOrder" time="0.0">
    <skipped/>
  </testcase> <!-- orderPlacedInTodaysOrder -->
  <testcase classname="com.Ecommerce.Mycs.UserModules.OrderTest" name="placeOrderTest" time="0.0">
    <skipped/>
  </testcase> <!-- placeOrderTest -->
</testsuite> <!-- Surefire test -->
