<?xml version="1.0" encoding="UTF-8"?>
<testng-results ignored="0" total="2" passed="2" failed="0" skipped="0">
  <reporter-output>
  </reporter-output>
  <suite started-at="2025-03-30T13:46:36 IST" name="Surefire suite" finished-at="2025-03-30T13:46:54 IST" duration-ms="17740">
    <groups>
    </groups>
    <test started-at="2025-03-30T13:46:36 IST" name="Surefire test" finished-at="2025-03-30T13:46:54 IST" duration-ms="17740">
      <class name="Ecommerce.Mycs.Practice.mavenTest">
        <test-method signature="test()[pri:0, instance:Ecommerce.Mycs.Practice.mavenTest@2ea227af]" started-at="2025-03-30T13:46:53 IST" name="test" finished-at="2025-03-30T13:46:54 IST" duration-ms="1305" status="PASS">
          <reporter-output>
          </reporter-output>
        </test-method> <!-- test -->
      </class> <!-- Ecommerce.Mycs.Practice.mavenTest -->
      <class name="Ecommerce.Mycs.Practice.JavascriptExecutorTest">
        <test-method signature="test()[pri:0, instance:Ecommerce.Mycs.Practice.JavascriptExecutorTest@5cee5251]" started-at="2025-03-30T13:46:36 IST" name="test" finished-at="2025-03-30T13:46:53 IST" duration-ms="16358" status="PASS">
          <reporter-output>
          </reporter-output>
        </test-method> <!-- test -->
      </class> <!-- Ecommerce.Mycs.Practice.JavascriptExecutorTest -->
    </test> <!-- Surefire test -->
  </suite> <!-- Surefire suite -->
</testng-results>
