<?xml version="1.0" encoding="UTF-8"?>
<!-- Generated by org.testng.reporters.JUnitXMLReporter -->
<testsuite ignored="3" hostname="GURUKIRAN" failures="0" tests="1" name="Default test" time="16.407" errors="0" timestamp="2025-04-02T18:09:00 IST">
  <testcase classname="com.Ecommerce.Mycs.UserModules.AdminModuleTest" name="insertProductTest" time="9.29"/>
  <testcase classname="com.Ecommerce.Mycs.UserModules.AdminModuleTest" name="adminDeleteProduct" time="0.0">
    <ignored/>
  </testcase> <!-- adminDeleteProduct -->
  <testcase classname="com.Ecommerce.Mycs.UserModules.AdminModuleTest" name="modifyProductAndaddToCartTest" time="0.0">
    <ignored/>
  </testcase> <!-- modifyProductAndaddToCartTest -->
  <testcase classname="com.Ecommerce.Mycs.UserModules.AdminModuleTest" name="adminCategoryTest" time="0.0">
    <ignored/>
  </testcase> <!-- adminCategoryTest -->
</testsuite> <!-- Default test -->
